<?xml version="1.0" encoding="UTF-8"?>
<!-- Generated by org.testng.reporters.JUnitReportReporter -->
<testsuite hostname="DESKTOP-4S4F069" failures="0" tests="1" name="DataProviders.DataProviderTest" time="21.012" errors="0" timestamp="2024-12-14T23:40:58 IST" skipped="0">
  <testcase classname="DataProviders.DataProviderTest" name="TestLogin" time="21.012"/>
</testsuite> <!-- DataProviders.DataProviderTest -->
