<?xml version="1.0" encoding="UTF-8"?>
<!-- Generated by org.testng.reporters.JUnitReportReporter -->
<testsuite hostname="DESKTOP-4S4F069" failures="0" tests="1" name="DataDrivenTest.DataDrivenExample" time="38.002" errors="0" timestamp="2024-12-18T03:20:37 IST" skipped="0">
  <testcase classname="DataDrivenTest.DataDrivenExample" name="TestLogin" time="38.002"/>
</testsuite> <!-- DataDrivenTest.DataDrivenExample -->
