<?xml version="1.0" encoding="UTF-8"?>
<!-- Generated by org.testng.reporters.JUnitReportReporter -->
<testsuite hostname="DESKTOP-4S4F069" failures="0" tests="2" name="ParallelTesting.ParallelTest" time="2.536" errors="0" timestamp="2024-12-14T21:31:00 IST" skipped="0">
  <testcase classname="ParallelTesting.ParallelTest" name="TestLogo" time="0.678"/>
  <testcase classname="ParallelTesting.ParallelTest" name="TestLogo" time="1.858"/>
</testsuite> <!-- ParallelTesting.ParallelTest -->
